  [1m[35m (1.9ms)[0m  [1m[35mSET NAMES utf8mb4,  @@SESSION.sql_mode = CONCAT(CONCAT(@@sql_mode, ',STRICT_ALL_TABLES'), ',NO_AUTO_VALUE_ON_ZERO'),  @@SESSION.sql_auto_is_null = 0, @@SESSION.wait_timeout = 2147483[0m
  [1m[35m (8.5ms)[0m  [1m[34mSELECT `schema_migrations`.`version` FROM `schema_migrations` ORDER BY `schema_migrations`.`version` ASC[0m
  [1m[35m (0.8ms)[0m  [1m[34mSELECT `ar_internal_metadata`.`value` FROM `ar_internal_metadata` WHERE `ar_internal_metadata`.`key` = 'environment'[0m
  [1m[35m (0.7ms)[0m  [1m[34mSELECT `schema_migrations`.`version` FROM `schema_migrations` ORDER BY `schema_migrations`.`version` ASC[0m
  [1m[35m (0.6ms)[0m  [1m[34mSELECT `ar_internal_metadata`.`value` FROM `ar_internal_metadata` WHERE `ar_internal_metadata`.`key` = 'environment'[0m
  [1m[35m (2.0ms)[0m  [1m[34mSELECT `schema_migrations`.`version` FROM `schema_migrations` ORDER BY `schema_migrations`.`version` ASC[0m
  [1m[35m (0.5ms)[0m  [1m[34mSELECT `ar_internal_metadata`.`value` FROM `ar_internal_metadata` WHERE `ar_internal_metadata`.`key` = 'environment'[0m
  [1m[35m (0.8ms)[0m  [1m[35mSET NAMES utf8mb4,  @@SESSION.sql_mode = CONCAT(CONCAT(@@sql_mode, ',STRICT_ALL_TABLES'), ',NO_AUTO_VALUE_ON_ZERO'),  @@SESSION.sql_auto_is_null = 0, @@SESSION.wait_timeout = 2147483[0m
  [1m[35m (225.6ms)[0m  [1m[35mDROP DATABASE IF EXISTS `FANTRA_test`[0m
  [1m[35m (5.0ms)[0m  [1m[35mCREATE DATABASE `FANTRA_test` DEFAULT CHARACTER SET `utf8mb4`[0m
  [1m[35m (0.9ms)[0m  [1m[35mSET NAMES utf8mb4,  @@SESSION.sql_mode = CONCAT(CONCAT(@@sql_mode, ',STRICT_ALL_TABLES'), ',NO_AUTO_VALUE_ON_ZERO'),  @@SESSION.sql_auto_is_null = 0, @@SESSION.wait_timeout = 2147483[0m
  [1m[35m (0.6ms)[0m  [1m[35mSET NAMES utf8mb4,  @@SESSION.sql_mode = CONCAT(CONCAT(@@sql_mode, ',STRICT_ALL_TABLES'), ',NO_AUTO_VALUE_ON_ZERO'),  @@SESSION.sql_auto_is_null = 0, @@SESSION.wait_timeout = 2147483[0m
  [1m[35m (2.6ms)[0m  [1m[35mDROP TABLE IF EXISTS `admins` CASCADE[0m
  [1m[35m (25.2ms)[0m  [1m[35mCREATE TABLE `admins` (`id` bigint NOT NULL AUTO_INCREMENT PRIMARY KEY, `email` varchar(255) DEFAULT '' NOT NULL, `encrypted_password` varchar(255) DEFAULT '' NOT NULL, `reset_password_token` varchar(255), `reset_password_sent_at` datetime, `remember_created_at` datetime, `created_at` datetime(6) NOT NULL, `updated_at` datetime(6) NOT NULL, UNIQUE INDEX `index_admins_on_email`  (`email`), UNIQUE INDEX `index_admins_on_reset_password_token`  (`reset_password_token`)) ENGINE=InnoDB DEFAULT CHARSET=utf8mb4 COLLATE=utf8mb4_0900_ai_ci[0m
  [1m[35m (1.2ms)[0m  [1m[35mDROP TABLE IF EXISTS `book_marks` CASCADE[0m
  [1m[35m (10.8ms)[0m  [1m[35mCREATE TABLE `book_marks` (`id` bigint NOT NULL AUTO_INCREMENT PRIMARY KEY, `created_at` datetime(6) NOT NULL, `updated_at` datetime(6) NOT NULL, `tourist_id` int NOT NULL, `tour_id` int NOT NULL) ENGINE=InnoDB DEFAULT CHARSET=utf8mb4 COLLATE=utf8mb4_0900_ai_ci[0m
  [1m[35m (2.4ms)[0m  [1m[35mDROP TABLE IF EXISTS `chat_notices` CASCADE[0m
  [1m[35m (11.1ms)[0m  [1m[35mCREATE TABLE `chat_notices` (`id` bigint NOT NULL AUTO_INCREMENT PRIMARY KEY, `created_at` datetime(6) NOT NULL, `updated_at` datetime(6) NOT NULL, `visitor_id` int NOT NULL, `visited_id` int NOT NULL, `checked` tinyint(1) DEFAULT FALSE NOT NULL, `chat_id` int NOT NULL) ENGINE=InnoDB DEFAULT CHARSET=utf8mb4 COLLATE=utf8mb4_0900_ai_ci[0m
  [1m[35m (1.5ms)[0m  [1m[35mDROP TABLE IF EXISTS `chats` CASCADE[0m
  [1m[35m (10.8ms)[0m  [1m[35mCREATE TABLE `chats` (`id` bigint NOT NULL AUTO_INCREMENT PRIMARY KEY, `created_at` datetime(6) NOT NULL, `updated_at` datetime(6) NOT NULL, `room_id` int NOT NULL, `is_tourist` tinyint(1) NOT NULL, `message` text NOT NULL) ENGINE=InnoDB DEFAULT CHARSET=utf8mb4 COLLATE=utf8mb4_0900_ai_ci[0m
  [1m[35m (1.4ms)[0m  [1m[35mDROP TABLE IF EXISTS `cities` CASCADE[0m
  [1m[35m (37.6ms)[0m  [1m[35mCREATE TABLE `cities` (`id` bigint NOT NULL AUTO_INCREMENT PRIMARY KEY, `created_at` datetime(6) NOT NULL, `updated_at` datetime(6) NOT NULL, `name` varchar(255) NOT NULL) ENGINE=InnoDB DEFAULT CHARSET=utf8mb4 COLLATE=utf8mb4_0900_ai_ci[0m
  [1m[35m (1.4ms)[0m  [1m[35mDROP TABLE IF EXISTS `contacts` CASCADE[0m
  [1m[35m (12.8ms)[0m  [1m[35mCREATE TABLE `contacts` (`id` bigint NOT NULL AUTO_INCREMENT PRIMARY KEY, `created_at` datetime(6) NOT NULL, `updated_at` datetime(6) NOT NULL, `name` varchar(255) NOT NULL, `email` varchar(255) NOT NULL, `user_text` text NOT NULL, `admin_text` text) ENGINE=InnoDB DEFAULT CHARSET=utf8mb4 COLLATE=utf8mb4_0900_ai_ci[0m
  [1m[35m (1.3ms)[0m  [1m[35mDROP TABLE IF EXISTS `genres` CASCADE[0m
  [1m[35m (27.7ms)[0m  [1m[35mCREATE TABLE `genres` (`id` bigint NOT NULL AUTO_INCREMENT PRIMARY KEY, `created_at` datetime(6) NOT NULL, `updated_at` datetime(6) NOT NULL, `name` varchar(255) NOT NULL) ENGINE=InnoDB DEFAULT CHARSET=utf8mb4 COLLATE=utf8mb4_0900_ai_ci[0m
  [1m[35m (1.5ms)[0m  [1m[35mDROP TABLE IF EXISTS `guides` CASCADE[0m
  [1m[35m (20.0ms)[0m  [1m[35mCREATE TABLE `guides` (`id` bigint NOT NULL AUTO_INCREMENT PRIMARY KEY, `email` varchar(255) DEFAULT '' NOT NULL, `encrypted_password` varchar(255) DEFAULT '' NOT NULL, `reset_password_token` varchar(255), `reset_password_sent_at` datetime, `remember_created_at` datetime, `created_at` datetime(6) NOT NULL, `updated_at` datetime(6) NOT NULL, `is_active` tinyint(1) DEFAULT TRUE, `family_name` varchar(255), `name` varchar(255), `nationality` varchar(255), `identification_image_id` varchar(255), `postal_code` varchar(255), `address` varchar(255), `phone_number` varchar(255), `introduction` text, `selfy_image_id` varchar(255), `deleted_at` datetime, UNIQUE INDEX `index_guides_on_email`  (`email`), UNIQUE INDEX `index_guides_on_reset_password_token`  (`reset_password_token`)) ENGINE=InnoDB DEFAULT CHARSET=utf8mb4 COLLATE=utf8mb4_0900_ai_ci[0m
  [1m[35m (1.3ms)[0m  [1m[35mDROP TABLE IF EXISTS `notifications` CASCADE[0m
  [1m[35m (11.8ms)[0m  [1m[35mCREATE TABLE `notifications` (`id` bigint NOT NULL AUTO_INCREMENT PRIMARY KEY, `created_at` datetime(6) NOT NULL, `updated_at` datetime(6) NOT NULL, `review_id` int, `tourist_id` int NOT NULL, `guide_id` int NOT NULL, `tour_id` int NOT NULL, `action` varchar(255) NOT NULL, `checked` tinyint(1) DEFAULT FALSE NOT NULL) ENGINE=InnoDB DEFAULT CHARSET=utf8mb4 COLLATE=utf8mb4_0900_ai_ci[0m
  [1m[35m (1.4ms)[0m  [1m[35mDROP TABLE IF EXISTS `orders` CASCADE[0m
  [1m[35m (12.7ms)[0m  [1m[35mCREATE TABLE `orders` (`id` bigint NOT NULL AUTO_INCREMENT PRIMARY KEY, `created_at` datetime(6) NOT NULL, `updated_at` datetime(6) NOT NULL, `status` int DEFAULT 0, `tourist_id` int NOT NULL, `tour_id` int NOT NULL, `guide_id` int NOT NULL, `tour_title` varchar(255) NOT NULL, `tour_body` text NOT NULL, `tour_capacity` int NOT NULL, `tour_contents_of_price` varchar(255) NOT NULL, `tour_time` varchar(255) NOT NULL, `tour_city` varchar(255) NOT NULL, `tour_genre` varchar(255) NOT NULL, `tour_price` int NOT NULL, `tour_date` datetime NOT NULL, `total_people` int NOT NULL, `total_price` int NOT NULL, `admin_sales` int NOT NULL, `guide_sales` int NOT NULL) ENGINE=InnoDB DEFAULT CHARSET=utf8mb4 COLLATE=utf8mb4_0900_ai_ci[0m
  [1m[35m (1.4ms)[0m  [1m[35mDROP TABLE IF EXISTS `reviews` CASCADE[0m
  [1m[35m (10.8ms)[0m  [1m[35mCREATE TABLE `reviews` (`id` bigint NOT NULL AUTO_INCREMENT PRIMARY KEY, `created_at` datetime(6) NOT NULL, `updated_at` datetime(6) NOT NULL, `comment` text NOT NULL, `tourist_id` int NOT NULL, `tour_id` int NOT NULL) ENGINE=InnoDB DEFAULT CHARSET=utf8mb4 COLLATE=utf8mb4_0900_ai_ci[0m
  [1m[35m (1.6ms)[0m  [1m[35mDROP TABLE IF EXISTS `rooms` CASCADE[0m
  [1m[35m (11.9ms)[0m  [1m[35mCREATE TABLE `rooms` (`id` bigint NOT NULL AUTO_INCREMENT PRIMARY KEY, `created_at` datetime(6) NOT NULL, `updated_at` datetime(6) NOT NULL, `tourist_id` int NOT NULL, `guide_id` int NOT NULL) ENGINE=InnoDB DEFAULT CHARSET=utf8mb4 COLLATE=utf8mb4_0900_ai_ci[0m
  [1m[35m (1.4ms)[0m  [1m[35mDROP TABLE IF EXISTS `tour_photos` CASCADE[0m
  [1m[35m (10.5ms)[0m  [1m[35mCREATE TABLE `tour_photos` (`id` bigint NOT NULL AUTO_INCREMENT PRIMARY KEY, `created_at` datetime(6) NOT NULL, `updated_at` datetime(6) NOT NULL, `image_id` varchar(255) NOT NULL, `tour_id` int NOT NULL) ENGINE=InnoDB DEFAULT CHARSET=utf8mb4 COLLATE=utf8mb4_0900_ai_ci[0m
  [1m[35m (2.0ms)[0m  [1m[35mDROP TABLE IF EXISTS `tourists` CASCADE[0m
  [1m[35m (20.3ms)[0m  [1m[35mCREATE TABLE `tourists` (`id` bigint NOT NULL AUTO_INCREMENT PRIMARY KEY, `email` varchar(255) DEFAULT '' NOT NULL, `encrypted_password` varchar(255) DEFAULT '' NOT NULL, `reset_password_token` varchar(255), `reset_password_sent_at` datetime, `remember_created_at` datetime, `created_at` datetime(6) NOT NULL, `updated_at` datetime(6) NOT NULL, `is_active` tinyint(1) DEFAULT TRUE, `family_name` varchar(255), `name` varchar(255), `sex` varchar(255), `birth_year` int, `nationality` varchar(255), `postal_code` varchar(255), `address` varchar(255), `phone_number` varchar(255), `deleted_at` datetime, UNIQUE INDEX `index_tourists_on_email`  (`email`), UNIQUE INDEX `index_tourists_on_reset_password_token`  (`reset_password_token`)) ENGINE=InnoDB DEFAULT CHARSET=utf8mb4 COLLATE=utf8mb4_0900_ai_ci[0m
  [1m[35m (2.1ms)[0m  [1m[35mDROP TABLE IF EXISTS `tours` CASCADE[0m
  [1m[35m (14.3ms)[0m  [1m[35mCREATE TABLE `tours` (`id` bigint NOT NULL AUTO_INCREMENT PRIMARY KEY, `created_at` datetime(6) NOT NULL, `updated_at` datetime(6) NOT NULL, `genre_id` int NOT NULL, `guide_id` int NOT NULL, `city_id` int NOT NULL, `title` varchar(255) NOT NULL, `body` text NOT NULL, `capacity` int NOT NULL, `price` int NOT NULL, `contents_of_price` varchar(255) NOT NULL, `is_active` tinyint(1) DEFAULT TRUE, `time` varchar(255) NOT NULL, `meetingpoint_address` varchar(255) NOT NULL, `meetingpoint_introduction` varchar(255) NOT NULL, `latitude` float(24), `longitude` float(24)) ENGINE=InnoDB DEFAULT CHARSET=utf8mb4 COLLATE=utf8mb4_0900_ai_ci[0m
  [1m[35m (11.7ms)[0m  [1m[35mCREATE TABLE `schema_migrations` (`version` varchar(255) NOT NULL PRIMARY KEY)[0m
  [1m[35m (0.8ms)[0m  [1m[34mSELECT `schema_migrations`.`version` FROM `schema_migrations` ORDER BY `schema_migrations`.`version` ASC[0m
  [1m[35m (2.1ms)[0m  [1m[32mINSERT INTO `schema_migrations` (version) VALUES (20200624013017)[0m
  [1m[35m (3.7ms)[0m  [1m[32mINSERT INTO `schema_migrations` (version) VALUES
(20200618110858),
(20200618124232),
(20200618132743),
(20200618235105),
(20200619000945),
(20200619005904),
(20200619010008),
(20200620023244),
(20200620084329),
(20200622000125),
(20200622000341),
(20200622032136),
(20200622053038),
(20200623072734);

[0m
  [1m[35m (10.1ms)[0m  [1m[35mCREATE TABLE `ar_internal_metadata` (`key` varchar(255) NOT NULL PRIMARY KEY, `value` varchar(255), `created_at` datetime(6) NOT NULL, `updated_at` datetime(6) NOT NULL)[0m
  [1m[36mActiveRecord::InternalMetadata Load (0.9ms)[0m  [1m[34mSELECT `ar_internal_metadata`.* FROM `ar_internal_metadata` WHERE `ar_internal_metadata`.`key` = 'environment' LIMIT 1[0m
  [1m[35m (0.3ms)[0m  [1m[35mBEGIN[0m
  [1m[36mActiveRecord::InternalMetadata Create (0.4ms)[0m  [1m[32mINSERT INTO `ar_internal_metadata` (`key`, `value`, `created_at`, `updated_at`) VALUES ('environment', 'development', '2020-07-10 04:37:27.390969', '2020-07-10 04:37:27.390969')[0m
  [1m[35m (1.7ms)[0m  [1m[35mCOMMIT[0m
  [1m[36mActiveRecord::InternalMetadata Load (0.2ms)[0m  [1m[34mSELECT `ar_internal_metadata`.* FROM `ar_internal_metadata` WHERE `ar_internal_metadata`.`key` = 'environment' LIMIT 1[0m
  [1m[35m (0.1ms)[0m  [1m[35mBEGIN[0m
  [1m[36mActiveRecord::InternalMetadata Update (0.4ms)[0m  [1m[33mUPDATE `ar_internal_metadata` SET `ar_internal_metadata`.`value` = 'test', `ar_internal_metadata`.`updated_at` = '2020-07-10 04:37:27.401051' WHERE `ar_internal_metadata`.`key` = 'environment'[0m
  [1m[35m (2.2ms)[0m  [1m[35mCOMMIT[0m
  [1m[36mActiveRecord::InternalMetadata Load (0.4ms)[0m  [1m[34mSELECT `ar_internal_metadata`.* FROM `ar_internal_metadata` WHERE `ar_internal_metadata`.`key` = 'schema_sha1' LIMIT 1[0m
  [1m[35m (0.2ms)[0m  [1m[35mBEGIN[0m
  [1m[36mActiveRecord::InternalMetadata Create (0.3ms)[0m  [1m[32mINSERT INTO `ar_internal_metadata` (`key`, `value`, `created_at`, `updated_at`) VALUES ('schema_sha1', '46292a38035feefd5d02859809d2594483cc55da', '2020-07-10 04:37:27.412693', '2020-07-10 04:37:27.412693')[0m
  [1m[35m (1.7ms)[0m  [1m[35mCOMMIT[0m
