  [1m[35m (1.6ms)[0m  [1m[35mSET NAMES utf8mb4,  @@SESSION.sql_mode = CONCAT(CONCAT(@@sql_mode, ',STRICT_ALL_TABLES'), ',NO_AUTO_VALUE_ON_ZERO'),  @@SESSION.sql_auto_is_null = 0, @@SESSION.wait_timeout = 2147483[0m
  [1m[35m (53.6ms)[0m  [1m[34mSELECT `ar_internal_metadata`.`value` FROM `ar_internal_metadata` WHERE `ar_internal_metadata`.`key` = 'schema_sha1'[0m
  [1m[35m (0.7ms)[0m  [1m[35mSET NAMES utf8mb4,  @@SESSION.sql_mode = CONCAT(CONCAT(@@sql_mode, ',STRICT_ALL_TABLES'), ',NO_AUTO_VALUE_ON_ZERO'),  @@SESSION.sql_auto_is_null = 0, @@SESSION.wait_timeout = 2147483[0m
  [1m[35m (3.5ms)[0m  [1m[34mSELECT `schema_migrations`.`version` FROM `schema_migrations` ORDER BY `schema_migrations`.`version` ASC[0m
  [1m[35m (0.8ms)[0m  [1m[34mSELECT `ar_internal_metadata`.`value` FROM `ar_internal_metadata` WHERE `ar_internal_metadata`.`key` = 'environment'[0m
  [1m[35m (1.0ms)[0m  [1m[34mSELECT `schema_migrations`.`version` FROM `schema_migrations` ORDER BY `schema_migrations`.`version` ASC[0m
  [1m[35m (0.7ms)[0m  [1m[34mSELECT `ar_internal_metadata`.`value` FROM `ar_internal_metadata` WHERE `ar_internal_metadata`.`key` = 'environment'[0m
  [1m[35m (1.1ms)[0m  [1m[34mSELECT `schema_migrations`.`version` FROM `schema_migrations` ORDER BY `schema_migrations`.`version` ASC[0m
  [1m[35m (1.0ms)[0m  [1m[34mSELECT `ar_internal_metadata`.`value` FROM `ar_internal_metadata` WHERE `ar_internal_metadata`.`key` = 'environment'[0m
  [1m[35m (0.4ms)[0m  [1m[35mSET NAMES utf8mb4,  @@SESSION.sql_mode = CONCAT(CONCAT(@@sql_mode, ',STRICT_ALL_TABLES'), ',NO_AUTO_VALUE_ON_ZERO'),  @@SESSION.sql_auto_is_null = 0, @@SESSION.wait_timeout = 2147483[0m
  [1m[35m (202.5ms)[0m  [1m[35mDROP DATABASE IF EXISTS `FANTRA_test`[0m
  [1m[35m (4.5ms)[0m  [1m[35mCREATE DATABASE `FANTRA_test` DEFAULT CHARACTER SET `utf8mb4`[0m
  [1m[35m (1.0ms)[0m  [1m[35mSET NAMES utf8mb4,  @@SESSION.sql_mode = CONCAT(CONCAT(@@sql_mode, ',STRICT_ALL_TABLES'), ',NO_AUTO_VALUE_ON_ZERO'),  @@SESSION.sql_auto_is_null = 0, @@SESSION.wait_timeout = 2147483[0m
  [1m[35m (0.3ms)[0m  [1m[35mSET NAMES utf8mb4,  @@SESSION.sql_mode = CONCAT(CONCAT(@@sql_mode, ',STRICT_ALL_TABLES'), ',NO_AUTO_VALUE_ON_ZERO'),  @@SESSION.sql_auto_is_null = 0, @@SESSION.wait_timeout = 2147483[0m
  [1m[35m (2.0ms)[0m  [1m[35mDROP TABLE IF EXISTS `admins` CASCADE[0m
  [1m[35m (24.8ms)[0m  [1m[35mCREATE TABLE `admins` (`id` bigint NOT NULL AUTO_INCREMENT PRIMARY KEY, `email` varchar(255) DEFAULT '' NOT NULL, `encrypted_password` varchar(255) DEFAULT '' NOT NULL, `reset_password_token` varchar(255), `reset_password_sent_at` datetime, `remember_created_at` datetime, `created_at` datetime(6) NOT NULL, `updated_at` datetime(6) NOT NULL, UNIQUE INDEX `index_admins_on_email`  (`email`), UNIQUE INDEX `index_admins_on_reset_password_token`  (`reset_password_token`)) ENGINE=InnoDB DEFAULT CHARSET=utf8mb4 COLLATE=utf8mb4_0900_ai_ci[0m
  [1m[35m (1.2ms)[0m  [1m[35mDROP TABLE IF EXISTS `book_marks` CASCADE[0m
  [1m[35m (10.3ms)[0m  [1m[35mCREATE TABLE `book_marks` (`id` bigint NOT NULL AUTO_INCREMENT PRIMARY KEY, `created_at` datetime(6) NOT NULL, `updated_at` datetime(6) NOT NULL, `tourist_id` int NOT NULL, `tour_id` int NOT NULL) ENGINE=InnoDB DEFAULT CHARSET=utf8mb4 COLLATE=utf8mb4_0900_ai_ci[0m
  [1m[35m (1.2ms)[0m  [1m[35mDROP TABLE IF EXISTS `chat_notices` CASCADE[0m
  [1m[35m (10.1ms)[0m  [1m[35mCREATE TABLE `chat_notices` (`id` bigint NOT NULL AUTO_INCREMENT PRIMARY KEY, `created_at` datetime(6) NOT NULL, `updated_at` datetime(6) NOT NULL, `visitor_id` int NOT NULL, `visited_id` int NOT NULL, `checked` tinyint(1) DEFAULT FALSE NOT NULL, `chat_id` int NOT NULL) ENGINE=InnoDB DEFAULT CHARSET=utf8mb4 COLLATE=utf8mb4_0900_ai_ci[0m
  [1m[35m (1.3ms)[0m  [1m[35mDROP TABLE IF EXISTS `chats` CASCADE[0m
  [1m[35m (10.4ms)[0m  [1m[35mCREATE TABLE `chats` (`id` bigint NOT NULL AUTO_INCREMENT PRIMARY KEY, `created_at` datetime(6) NOT NULL, `updated_at` datetime(6) NOT NULL, `room_id` int NOT NULL, `is_tourist` tinyint(1) NOT NULL, `message` text NOT NULL) ENGINE=InnoDB DEFAULT CHARSET=utf8mb4 COLLATE=utf8mb4_0900_ai_ci[0m
  [1m[35m (1.2ms)[0m  [1m[35mDROP TABLE IF EXISTS `cities` CASCADE[0m
  [1m[35m (10.0ms)[0m  [1m[35mCREATE TABLE `cities` (`id` bigint NOT NULL AUTO_INCREMENT PRIMARY KEY, `created_at` datetime(6) NOT NULL, `updated_at` datetime(6) NOT NULL, `name` varchar(255) NOT NULL) ENGINE=InnoDB DEFAULT CHARSET=utf8mb4 COLLATE=utf8mb4_0900_ai_ci[0m
  [1m[35m (1.4ms)[0m  [1m[35mDROP TABLE IF EXISTS `contacts` CASCADE[0m
  [1m[35m (12.4ms)[0m  [1m[35mCREATE TABLE `contacts` (`id` bigint NOT NULL AUTO_INCREMENT PRIMARY KEY, `created_at` datetime(6) NOT NULL, `updated_at` datetime(6) NOT NULL, `name` varchar(255) NOT NULL, `email` varchar(255) NOT NULL, `user_text` text NOT NULL, `admin_text` text) ENGINE=InnoDB DEFAULT CHARSET=utf8mb4 COLLATE=utf8mb4_0900_ai_ci[0m
  [1m[35m (3.8ms)[0m  [1m[35mDROP TABLE IF EXISTS `genres` CASCADE[0m
  [1m[35m (9.8ms)[0m  [1m[35mCREATE TABLE `genres` (`id` bigint NOT NULL AUTO_INCREMENT PRIMARY KEY, `created_at` datetime(6) NOT NULL, `updated_at` datetime(6) NOT NULL, `name` varchar(255) NOT NULL) ENGINE=InnoDB DEFAULT CHARSET=utf8mb4 COLLATE=utf8mb4_0900_ai_ci[0m
  [1m[35m (1.3ms)[0m  [1m[35mDROP TABLE IF EXISTS `guides` CASCADE[0m
  [1m[35m (21.0ms)[0m  [1m[35mCREATE TABLE `guides` (`id` bigint NOT NULL AUTO_INCREMENT PRIMARY KEY, `email` varchar(255) DEFAULT '' NOT NULL, `encrypted_password` varchar(255) DEFAULT '' NOT NULL, `reset_password_token` varchar(255), `reset_password_sent_at` datetime, `remember_created_at` datetime, `created_at` datetime(6) NOT NULL, `updated_at` datetime(6) NOT NULL, `is_active` tinyint(1) DEFAULT TRUE, `family_name` varchar(255), `name` varchar(255), `nationality` varchar(255), `identification_image_id` varchar(255), `postal_code` varchar(255), `address` varchar(255), `phone_number` varchar(255), `introduction` text, `selfy_image_id` varchar(255), `deleted_at` datetime, UNIQUE INDEX `index_guides_on_email`  (`email`), UNIQUE INDEX `index_guides_on_reset_password_token`  (`reset_password_token`)) ENGINE=InnoDB DEFAULT CHARSET=utf8mb4 COLLATE=utf8mb4_0900_ai_ci[0m
  [1m[35m (1.4ms)[0m  [1m[35mDROP TABLE IF EXISTS `notifications` CASCADE[0m
  [1m[35m (11.0ms)[0m  [1m[35mCREATE TABLE `notifications` (`id` bigint NOT NULL AUTO_INCREMENT PRIMARY KEY, `created_at` datetime(6) NOT NULL, `updated_at` datetime(6) NOT NULL, `review_id` int, `tourist_id` int NOT NULL, `guide_id` int NOT NULL, `tour_id` int NOT NULL, `action` varchar(255) NOT NULL, `checked` tinyint(1) DEFAULT FALSE NOT NULL) ENGINE=InnoDB DEFAULT CHARSET=utf8mb4 COLLATE=utf8mb4_0900_ai_ci[0m
  [1m[35m (1.4ms)[0m  [1m[35mDROP TABLE IF EXISTS `orders` CASCADE[0m
  [1m[35m (13.0ms)[0m  [1m[35mCREATE TABLE `orders` (`id` bigint NOT NULL AUTO_INCREMENT PRIMARY KEY, `created_at` datetime(6) NOT NULL, `updated_at` datetime(6) NOT NULL, `status` int DEFAULT 0, `tourist_id` int NOT NULL, `tour_id` int NOT NULL, `guide_id` int NOT NULL, `tour_title` varchar(255) NOT NULL, `tour_body` text NOT NULL, `tour_capacity` int NOT NULL, `tour_contents_of_price` varchar(255) NOT NULL, `tour_time` varchar(255) NOT NULL, `tour_city` varchar(255) NOT NULL, `tour_genre` varchar(255) NOT NULL, `tour_price` int NOT NULL, `tour_date` datetime NOT NULL, `total_people` int NOT NULL, `total_price` int NOT NULL, `admin_sales` int NOT NULL, `guide_sales` int NOT NULL) ENGINE=InnoDB DEFAULT CHARSET=utf8mb4 COLLATE=utf8mb4_0900_ai_ci[0m
  [1m[35m (1.3ms)[0m  [1m[35mDROP TABLE IF EXISTS `reviews` CASCADE[0m
  [1m[35m (9.5ms)[0m  [1m[35mCREATE TABLE `reviews` (`id` bigint NOT NULL AUTO_INCREMENT PRIMARY KEY, `created_at` datetime(6) NOT NULL, `updated_at` datetime(6) NOT NULL, `comment` text NOT NULL, `tourist_id` int NOT NULL, `tour_id` int NOT NULL) ENGINE=InnoDB DEFAULT CHARSET=utf8mb4 COLLATE=utf8mb4_0900_ai_ci[0m
  [1m[35m (1.4ms)[0m  [1m[35mDROP TABLE IF EXISTS `rooms` CASCADE[0m
  [1m[35m (10.8ms)[0m  [1m[35mCREATE TABLE `rooms` (`id` bigint NOT NULL AUTO_INCREMENT PRIMARY KEY, `created_at` datetime(6) NOT NULL, `updated_at` datetime(6) NOT NULL, `tourist_id` int NOT NULL, `guide_id` int NOT NULL) ENGINE=InnoDB DEFAULT CHARSET=utf8mb4 COLLATE=utf8mb4_0900_ai_ci[0m
  [1m[35m (1.3ms)[0m  [1m[35mDROP TABLE IF EXISTS `tour_photos` CASCADE[0m
  [1m[35m (9.9ms)[0m  [1m[35mCREATE TABLE `tour_photos` (`id` bigint NOT NULL AUTO_INCREMENT PRIMARY KEY, `created_at` datetime(6) NOT NULL, `updated_at` datetime(6) NOT NULL, `image_id` varchar(255) NOT NULL, `tour_id` int NOT NULL) ENGINE=InnoDB DEFAULT CHARSET=utf8mb4 COLLATE=utf8mb4_0900_ai_ci[0m
  [1m[35m (1.4ms)[0m  [1m[35mDROP TABLE IF EXISTS `tourists` CASCADE[0m
  [1m[35m (16.2ms)[0m  [1m[35mCREATE TABLE `tourists` (`id` bigint NOT NULL AUTO_INCREMENT PRIMARY KEY, `email` varchar(255) DEFAULT '' NOT NULL, `encrypted_password` varchar(255) DEFAULT '' NOT NULL, `reset_password_token` varchar(255), `reset_password_sent_at` datetime, `remember_created_at` datetime, `created_at` datetime(6) NOT NULL, `updated_at` datetime(6) NOT NULL, `is_active` tinyint(1) DEFAULT TRUE, `family_name` varchar(255), `name` varchar(255), `sex` varchar(255), `birth_year` int, `nationality` varchar(255), `postal_code` varchar(255), `address` varchar(255), `phone_number` varchar(255), `deleted_at` datetime, UNIQUE INDEX `index_tourists_on_email`  (`email`), UNIQUE INDEX `index_tourists_on_reset_password_token`  (`reset_password_token`)) ENGINE=InnoDB DEFAULT CHARSET=utf8mb4 COLLATE=utf8mb4_0900_ai_ci[0m
  [1m[35m (1.4ms)[0m  [1m[35mDROP TABLE IF EXISTS `tours` CASCADE[0m
  [1m[35m (13.0ms)[0m  [1m[35mCREATE TABLE `tours` (`id` bigint NOT NULL AUTO_INCREMENT PRIMARY KEY, `created_at` datetime(6) NOT NULL, `updated_at` datetime(6) NOT NULL, `genre_id` int NOT NULL, `guide_id` int NOT NULL, `city_id` int NOT NULL, `title` varchar(255) NOT NULL, `body` text NOT NULL, `capacity` int NOT NULL, `price` int NOT NULL, `contents_of_price` varchar(255) NOT NULL, `is_active` tinyint(1) DEFAULT TRUE, `time` varchar(255) NOT NULL, `meetingpoint_address` varchar(255) NOT NULL, `meetingpoint_introduction` varchar(255) NOT NULL, `latitude` float(24), `longitude` float(24)) ENGINE=InnoDB DEFAULT CHARSET=utf8mb4 COLLATE=utf8mb4_0900_ai_ci[0m
  [1m[35m (10.3ms)[0m  [1m[35mCREATE TABLE `schema_migrations` (`version` varchar(255) NOT NULL PRIMARY KEY)[0m
  [1m[35m (0.5ms)[0m  [1m[34mSELECT `schema_migrations`.`version` FROM `schema_migrations` ORDER BY `schema_migrations`.`version` ASC[0m
  [1m[35m (1.9ms)[0m  [1m[32mINSERT INTO `schema_migrations` (version) VALUES (20200624013017)[0m
  [1m[35m (3.3ms)[0m  [1m[32mINSERT INTO `schema_migrations` (version) VALUES
(20200618110858),
(20200618124232),
(20200618132743),
(20200618235105),
(20200619000945),
(20200619005904),
(20200619010008),
(20200620023244),
(20200620084329),
(20200622000125),
(20200622000341),
(20200622032136),
(20200622053038),
(20200623072734);

[0m
  [1m[35m (11.9ms)[0m  [1m[35mCREATE TABLE `ar_internal_metadata` (`key` varchar(255) NOT NULL PRIMARY KEY, `value` varchar(255), `created_at` datetime(6) NOT NULL, `updated_at` datetime(6) NOT NULL)[0m
  [1m[36mActiveRecord::InternalMetadata Load (0.9ms)[0m  [1m[34mSELECT `ar_internal_metadata`.* FROM `ar_internal_metadata` WHERE `ar_internal_metadata`.`key` = 'environment' LIMIT 1[0m
  [1m[35m (0.2ms)[0m  [1m[35mBEGIN[0m
  [1m[36mActiveRecord::InternalMetadata Create (0.3ms)[0m  [1m[32mINSERT INTO `ar_internal_metadata` (`key`, `value`, `created_at`, `updated_at`) VALUES ('environment', 'development', '2020-07-10 05:43:35.418032', '2020-07-10 05:43:35.418032')[0m
  [1m[35m (1.7ms)[0m  [1m[35mCOMMIT[0m
  [1m[36mActiveRecord::InternalMetadata Load (0.2ms)[0m  [1m[34mSELECT `ar_internal_metadata`.* FROM `ar_internal_metadata` WHERE `ar_internal_metadata`.`key` = 'environment' LIMIT 1[0m
  [1m[35m (0.2ms)[0m  [1m[35mBEGIN[0m
  [1m[36mActiveRecord::InternalMetadata Update (0.4ms)[0m  [1m[33mUPDATE `ar_internal_metadata` SET `ar_internal_metadata`.`value` = 'test', `ar_internal_metadata`.`updated_at` = '2020-07-10 05:43:35.427929' WHERE `ar_internal_metadata`.`key` = 'environment'[0m
  [1m[35m (2.1ms)[0m  [1m[35mCOMMIT[0m
  [1m[36mActiveRecord::InternalMetadata Load (1.6ms)[0m  [1m[34mSELECT `ar_internal_metadata`.* FROM `ar_internal_metadata` WHERE `ar_internal_metadata`.`key` = 'schema_sha1' LIMIT 1[0m
  [1m[35m (0.9ms)[0m  [1m[35mBEGIN[0m
  [1m[36mActiveRecord::InternalMetadata Create (1.8ms)[0m  [1m[32mINSERT INTO `ar_internal_metadata` (`key`, `value`, `created_at`, `updated_at`) VALUES ('schema_sha1', '46292a38035feefd5d02859809d2594483cc55da', '2020-07-10 05:43:35.445431', '2020-07-10 05:43:35.445431')[0m
  [1m[35m (2.5ms)[0m  [1m[35mCOMMIT[0m
  [1m[35m (0.5ms)[0m  [1m[35mSET NAMES utf8mb4,  @@SESSION.sql_mode = CONCAT(CONCAT(@@sql_mode, ',STRICT_ALL_TABLES'), ',NO_AUTO_VALUE_ON_ZERO'),  @@SESSION.sql_auto_is_null = 0, @@SESSION.wait_timeout = 2147483[0m
  [1m[35m (0.3ms)[0m  [1m[34mSELECT `schema_migrations`.`version` FROM `schema_migrations` ORDER BY `schema_migrations`.`version` ASC[0m
  [1m[35m (0.3ms)[0m  [1m[35mBEGIN[0m
  [1m[35m (0.3ms)[0m  [1m[35mSAVEPOINT active_record_1[0m
  [1m[36mGuide Exists? (4.6ms)[0m  [1m[34mSELECT 1 AS one FROM `guides` WHERE `guides`.`email` = BINARY 'test@example.com' AND `guides`.`deleted_at` IS NULL LIMIT 1[0m
  [1m[36mGuide Create (0.5ms)[0m  [1m[32mINSERT INTO `guides` (`email`, `encrypted_password`, `created_at`, `updated_at`) VALUES ('test@example.com', '$2a$12$4pOgQ75VtBBeSvRAhdglQ.GEbbOhJoPXnz6nYBIm19G5WuOo3/aN.', '2020-07-10 05:43:35.925777', '2020-07-10 05:43:35.925777')[0m
  [1m[35m (0.2ms)[0m  [1m[35mRELEASE SAVEPOINT active_record_1[0m
Started GET "/guides/sign_up" for 127.0.0.1 at 2020-07-10 05:43:36 +0000
  [1m[35m (0.6ms)[0m  [1m[34mSELECT `schema_migrations`.`version` FROM `schema_migrations` ORDER BY `schema_migrations`.`version` ASC[0m
Processing by Devise::Guides::RegistrationsController#new as HTML
  Rendering devise/guides/registrations/new.html.erb within layouts/application
  Rendered devise/guides/shared/_error_messages.html.erb (Duration: 2.7ms | Allocations: 375)
  Rendered devise/guides/shared/_links.html.erb (Duration: 2.8ms | Allocations: 580)
  Rendered devise/guides/registrations/new.html.erb within layouts/application (Duration: 504.9ms | Allocations: 198481)
[Webpacker] Everything's up-to-date. Nothing to do
Completed 200 OK in 4527ms (Views: 4518.8ms | ActiveRecord: 0.0ms | Allocations: 294368)


Started POST "/guides" for 127.0.0.1 at 2020-07-10 05:43:40 +0000
Processing by Devise::Guides::RegistrationsController#create as HTML
  Parameters: {"authenticity_token"=>"lEodqhKFjp4iOPpXR7ur4yrTMleYPMzHv10SZdqs0vHNFZWPDCK71x9E1KazZ/8AsuserTfEShJTWTmdn+0Yrw==", "guide"=>{"email"=>"samual@balistreri-mills.io", "password"=>"[FILTERED]", "password_confirmation"=>"[FILTERED]"}, "commit"=>"æ–°è¦ç™»éŒ²"}
  [1m[35m (0.4ms)[0m  [1m[35mSAVEPOINT active_record_1[0m
  [1m[36mGuide Exists? (0.5ms)[0m  [1m[34mSELECT 1 AS one FROM `guides` WHERE `guides`.`email` = BINARY 'samual@balistreri-mills.io' AND `guides`.`deleted_at` IS NULL LIMIT 1[0m
  [1m[36mGuide Create (0.8ms)[0m  [1m[32mINSERT INTO `guides` (`email`, `encrypted_password`, `created_at`, `updated_at`) VALUES ('samual@balistreri-mills.io', '$2a$12$m1AAGXh7aCzUyCM/Qbgwd.B9vTeST5CwIGSOoOCUQ8lucBJtTouRK', '2020-07-10 05:43:40.906241', '2020-07-10 05:43:40.906241')[0m
  [1m[35m (0.2ms)[0m  [1m[35mRELEASE SAVEPOINT active_record_1[0m
Redirected to http://127.0.0.1/guide/guides/2529/home/top
Completed 302 Found in 231ms (ActiveRecord: 2.0ms | Allocations: 12448)


Started GET "/guide/guides/2529/home/top" for 127.0.0.1 at 2020-07-10 05:43:40 +0000
Processing by Guide::HomeController#top as HTML
  Parameters: {"guide_id"=>"2529"}
  [1m[36mGuide Load (0.5ms)[0m  [1m[34mSELECT `guides`.* FROM `guides` WHERE `guides`.`deleted_at` IS NULL AND `guides`.`id` = 2529 ORDER BY `guides`.`id` ASC LIMIT 1[0m
  Rendering guide/home/top.html.erb within layouts/application
  [1m[35m (25.7ms)[0m  [1m[34mSELECT COUNT(*) FROM `orders` WHERE `orders`.`guide_id` = 2529 AND `orders`.`created_at` BETWEEN '2020-07-09 15:00:00' AND '2020-07-10 14:59:59.999999'[0m
  â†³ app/views/guide/home/top.html.erb:9
  Rendered guide/home/top.html.erb within layouts/application (Duration: 31.3ms | Allocations: 1039)
[Webpacker] Everything's up-to-date. Nothing to do
  [1m[36mRoom Load (2.2ms)[0m  [1m[34mSELECT `rooms`.* FROM `rooms` WHERE `rooms`.`guide_id` = 2529[0m
  â†³ app/helpers/application_helper.rb:27:in `unchecked_guide_chat_notices'
  [1m[36mNotification Exists? (2.7ms)[0m  [1m[34mSELECT 1 AS one FROM `notifications` WHERE `notifications`.`guide_id` = 2529 AND `notifications`.`checked` = FALSE LIMIT 1[0m
  â†³ app/views/layouts/application.html.erb:92
Completed 200 OK in 210ms (Views: 138.8ms | ActiveRecord: 36.5ms | Allocations: 28899)


  [1m[35m (1.0ms)[0m  [1m[31mROLLBACK[0m
  [1m[35m (0.3ms)[0m  [1m[35mBEGIN[0m
  [1m[35m (0.3ms)[0m  [1m[35mSAVEPOINT active_record_1[0m
  [1m[36mGuide Exists? (0.4ms)[0m  [1m[34mSELECT 1 AS one FROM `guides` WHERE `guides`.`email` = BINARY 'test@example.com' AND `guides`.`deleted_at` IS NULL LIMIT 1[0m
  [1m[36mGuide Create (0.3ms)[0m  [1m[32mINSERT INTO `guides` (`email`, `encrypted_password`, `created_at`, `updated_at`) VALUES ('test@example.com', '$2a$12$7V/3oIfW5dbZO1jJEiV.yuRh9404Bg.lNOcCM4FQvjBqBta.ISRPi', '2020-07-10 05:43:41.423857', '2020-07-10 05:43:41.423857')[0m
  [1m[35m (0.2ms)[0m  [1m[35mRELEASE SAVEPOINT active_record_1[0m
Started GET "/guides/sign_up" for 127.0.0.1 at 2020-07-10 05:43:41 +0000
Processing by Devise::Guides::RegistrationsController#new as HTML
  Rendering devise/guides/registrations/new.html.erb within layouts/application
  Rendered devise/guides/shared/_error_messages.html.erb (Duration: 0.0ms | Allocations: 15)
  Rendered devise/guides/shared/_links.html.erb (Duration: 0.4ms | Allocations: 79)
  Rendered devise/guides/registrations/new.html.erb within layouts/application (Duration: 5.2ms | Allocations: 1210)
[Webpacker] Everything's up-to-date. Nothing to do
Completed 200 OK in 74ms (Views: 72.9ms | ActiveRecord: 0.0ms | Allocations: 15283)


Started POST "/guides" for 127.0.0.1 at 2020-07-10 05:43:41 +0000
Processing by Devise::Guides::RegistrationsController#create as HTML
  Parameters: {"authenticity_token"=>"OB1kn0bY9UNlBfAZjBTFWJ9RfsHTbqIoocsXxYxGiUWo4M6V7ScE4a5f0owuAKNmW5NRZcnwoQabL+AIOGJzxw==", "guide"=>{"email"=>"", "password"=>"[FILTERED]", "password_confirmation"=>"[FILTERED]"}, "commit"=>"æ–°è¦ç™»éŒ²"}
  Rendering devise/guides/registrations/new.html.erb within layouts/application
  Rendered devise/guides/shared/_error_messages.html.erb (Duration: 0.5ms | Allocations: 358)
  Rendered devise/guides/shared/_links.html.erb (Duration: 0.1ms | Allocations: 78)
  Rendered devise/guides/registrations/new.html.erb within layouts/application (Duration: 2.7ms | Allocations: 1538)
[Webpacker] Everything's up-to-date. Nothing to do
Completed 200 OK in 74ms (Views: 70.7ms | ActiveRecord: 0.0ms | Allocations: 18154)


  [1m[35m (1.4ms)[0m  [1m[31mROLLBACK[0m
  [1m[35m (0.3ms)[0m  [1m[35mBEGIN[0m
  [1m[35m (0.3ms)[0m  [1m[35mSAVEPOINT active_record_1[0m
  [1m[36mGuide Exists? (0.4ms)[0m  [1m[34mSELECT 1 AS one FROM `guides` WHERE `guides`.`email` = BINARY 'test@example.com' AND `guides`.`deleted_at` IS NULL LIMIT 1[0m
  [1m[36mGuide Create (0.3ms)[0m  [1m[32mINSERT INTO `guides` (`email`, `encrypted_password`, `created_at`, `updated_at`) VALUES ('test@example.com', '$2a$12$zjBcqAFdknKgN2UZK3MFCOaE6KtEBBoRy7VbHhr2tfOz2RqXz4UGi', '2020-07-10 05:43:41.822307', '2020-07-10 05:43:41.822307')[0m
  [1m[35m (0.2ms)[0m  [1m[35mRELEASE SAVEPOINT active_record_1[0m
Started GET "/guides/sign_in" for 127.0.0.1 at 2020-07-10 05:43:41 +0000
Processing by Devise::Guides::SessionsController#new as HTML
  Rendering devise/guides/sessions/new.html.erb within layouts/application
  Rendered devise/guides/shared/_links.html.erb (Duration: 0.5ms | Allocations: 214)
  Rendered devise/guides/sessions/new.html.erb within layouts/application (Duration: 8.3ms | Allocations: 1866)
[Webpacker] Everything's up-to-date. Nothing to do
Completed 200 OK in 85ms (Views: 84.0ms | ActiveRecord: 0.0ms | Allocations: 17237)


Started POST "/guides/sign_in" for 127.0.0.1 at 2020-07-10 05:43:41 +0000
Processing by Devise::Guides::SessionsController#create as HTML
  Parameters: {"authenticity_token"=>"z46DTm0Xa+nD/83vnUzIwhLwBQF8BrBQlLhzdzRPdT8G70vNhnZFufBp2Tsx+EzvVtUJLvyoVcoFF5iuuqNANw==", "guide"=>{"email"=>"test@example.com", "password"=>"[FILTERED]", "remember_me"=>"0"}, "commit"=>"ãƒ­ã‚°ã‚¤ãƒ³"}
  [1m[36mGuide Load (0.5ms)[0m  [1m[34mSELECT `guides`.* FROM `guides` WHERE `guides`.`deleted_at` IS NULL AND `guides`.`email` = 'test@example.com' ORDER BY `guides`.`id` ASC LIMIT 1[0m
Redirected to http://127.0.0.1/guide/guides/2531/home/top
Completed 302 Found in 221ms (ActiveRecord: 0.5ms | Allocations: 4727)


Started GET "/guide/guides/2531/home/top" for 127.0.0.1 at 2020-07-10 05:43:42 +0000
Processing by Guide::HomeController#top as HTML
  Parameters: {"guide_id"=>"2531"}
  [1m[36mGuide Load (0.5ms)[0m  [1m[34mSELECT `guides`.* FROM `guides` WHERE `guides`.`deleted_at` IS NULL AND `guides`.`id` = 2531 ORDER BY `guides`.`id` ASC LIMIT 1[0m
  Rendering guide/home/top.html.erb within layouts/application
  [1m[35m (0.4ms)[0m  [1m[34mSELECT COUNT(*) FROM `orders` WHERE `orders`.`guide_id` = 2531 AND `orders`.`created_at` BETWEEN '2020-07-09 15:00:00' AND '2020-07-10 14:59:59.999999'[0m
  â†³ app/views/guide/home/top.html.erb:9
  Rendered guide/home/top.html.erb within layouts/application (Duration: 1.9ms | Allocations: 839)
[Webpacker] Everything's up-to-date. Nothing to do
  [1m[36mRoom Load (0.5ms)[0m  [1m[34mSELECT `rooms`.* FROM `rooms` WHERE `rooms`.`guide_id` = 2531[0m
  â†³ app/helpers/application_helper.rb:27:in `unchecked_guide_chat_notices'
  [1m[36mNotification Exists? (0.3ms)[0m  [1m[34mSELECT 1 AS one FROM `notifications` WHERE `notifications`.`guide_id` = 2531 AND `notifications`.`checked` = FALSE LIMIT 1[0m
  â†³ app/views/layouts/application.html.erb:92
Completed 200 OK in 84ms (Views: 79.3ms | ActiveRecord: 1.6ms | Allocations: 19094)


  [1m[35m (1.0ms)[0m  [1m[31mROLLBACK[0m
  [1m[35m (0.3ms)[0m  [1m[35mBEGIN[0m
  [1m[35m (0.3ms)[0m  [1m[35mSAVEPOINT active_record_1[0m
  [1m[36mGuide Exists? (0.4ms)[0m  [1m[34mSELECT 1 AS one FROM `guides` WHERE `guides`.`email` = BINARY 'test@example.com' AND `guides`.`deleted_at` IS NULL LIMIT 1[0m
  [1m[36mGuide Create (0.3ms)[0m  [1m[32mINSERT INTO `guides` (`email`, `encrypted_password`, `created_at`, `updated_at`) VALUES ('test@example.com', '$2a$12$DYK8P185jcwJ36Guykr/WOW5SjKysgorZYXX9vPxtr6DDKffi60qy', '2020-07-10 05:43:42.482245', '2020-07-10 05:43:42.482245')[0m
  [1m[35m (0.2ms)[0m  [1m[35mRELEASE SAVEPOINT active_record_1[0m
Started GET "/guides/sign_in" for 127.0.0.1 at 2020-07-10 05:43:42 +0000
Processing by Devise::Guides::SessionsController#new as HTML
  Rendering devise/guides/sessions/new.html.erb within layouts/application
  Rendered devise/guides/shared/_links.html.erb (Duration: 0.2ms | Allocations: 134)
  Rendered devise/guides/sessions/new.html.erb within layouts/application (Duration: 2.0ms | Allocations: 1125)
[Webpacker] Everything's up-to-date. Nothing to do
Completed 200 OK in 75ms (Views: 73.5ms | ActiveRecord: 0.0ms | Allocations: 15238)


Started POST "/guides/sign_in" for 127.0.0.1 at 2020-07-10 05:43:42 +0000
Processing by Devise::Guides::SessionsController#create as HTML
  Parameters: {"authenticity_token"=>"krpqBnJwH+e7DGBZgiPLc92kj1Hrrva/4Bl67k8sVixuY6eMB55u+xTsOAJgzDf9JSbt4GeLHSbHKjKCmnmsVg==", "guide"=>{"email"=>"", "password"=>"[FILTERED]", "remember_me"=>"0"}, "commit"=>"ãƒ­ã‚°ã‚¤ãƒ³"}
Completed 401 Unauthorized in 1ms (ActiveRecord: 0.0ms | Allocations: 467)


Processing by Devise::Guides::SessionsController#new as HTML
  Parameters: {"authenticity_token"=>"krpqBnJwH+e7DGBZgiPLc92kj1Hrrva/4Bl67k8sVixuY6eMB55u+xTsOAJgzDf9JSbt4GeLHSbHKjKCmnmsVg==", "guide"=>{"email"=>"", "password"=>"[FILTERED]", "remember_me"=>"0"}, "commit"=>"ãƒ­ã‚°ã‚¤ãƒ³"}
  Rendering devise/guides/sessions/new.html.erb within layouts/application
  Rendered devise/guides/shared/_links.html.erb (Duration: 0.2ms | Allocations: 134)
  Rendered devise/guides/sessions/new.html.erb within layouts/application (Duration: 1.7ms | Allocations: 1113)
[Webpacker] Everything's up-to-date. Nothing to do
Completed 200 OK in 71ms (Views: 70.4ms | ActiveRecord: 0.0ms | Allocations: 15233)


  [1m[35m (1.4ms)[0m  [1m[31mROLLBACK[0m
  [1m[35m (0.3ms)[0m  [1m[35mBEGIN[0m
  [1m[35m (0.3ms)[0m  [1m[35mSAVEPOINT active_record_1[0m
  [1m[36mGuide Exists? (0.4ms)[0m  [1m[34mSELECT 1 AS one FROM `guides` WHERE `guides`.`email` = BINARY 'test@example.com' AND `guides`.`deleted_at` IS NULL LIMIT 1[0m
  [1m[36mGuide Create (0.4ms)[0m  [1m[32mINSERT INTO `guides` (`email`, `encrypted_password`, `created_at`, `updated_at`) VALUES ('test@example.com', '$2a$12$44ZUSNibm4wDcgICP80LJuH3oemNkIspjOL.ykKM5OKluM4tVAdFK', '2020-07-10 05:43:42.897309', '2020-07-10 05:43:42.897309')[0m
  [1m[35m (0.3ms)[0m  [1m[35mRELEASE SAVEPOINT active_record_1[0m
  [1m[35m (1.0ms)[0m  [1m[31mROLLBACK[0m
